[0.013s] Invoking command in '/workspaces/omx_ros2/build/omx_variable_stiffness_controller': CMAKE_PREFIX_PATH=${CMAKE_PREFIX_PATH}:/opt/ros/humble /usr/bin/cmake /workspaces/omx_ros2/ws/src/omx_variable_stiffness_controller -DCMAKE_INSTALL_PREFIX=/workspaces/omx_ros2/install/omx_variable_stiffness_controller
[0.025s] -- Found ament_cmake: 1.3.12 (/opt/ros/humble/share/ament_cmake/cmake)
[0.114s] -- Override CMake install command with custom implementation using symlinks instead of copying resources
[0.120s] -- Found rclcpp: 16.0.17 (/opt/ros/humble/share/rclcpp/cmake)
[0.141s] -- Found rosidl_generator_c: 3.1.8 (/opt/ros/humble/share/rosidl_generator_c/cmake)
[0.143s] -- Found rosidl_adapter: 3.1.8 (/opt/ros/humble/share/rosidl_adapter/cmake)
[0.147s] -- Found rosidl_generator_cpp: 3.1.8 (/opt/ros/humble/share/rosidl_generator_cpp/cmake)
[0.153s] -- Using all available rosidl_typesupport_c: rosidl_typesupport_fastrtps_c;rosidl_typesupport_introspection_c
[0.161s] -- Using all available rosidl_typesupport_cpp: rosidl_typesupport_fastrtps_cpp;rosidl_typesupport_introspection_cpp
[0.186s] -- Found rmw_implementation_cmake: 6.1.2 (/opt/ros/humble/share/rmw_implementation_cmake/cmake)
[0.187s] -- Found rmw_fastrtps_cpp: 6.2.9 (/opt/ros/humble/share/rmw_fastrtps_cpp/cmake)
[0.286s] -- Using RMW implementation 'rmw_fastrtps_cpp' as default
[0.323s] -- Found rclcpp_lifecycle: 16.0.17 (/opt/ros/humble/share/rclcpp_lifecycle/cmake)
[0.335s] -- Found controller_interface: 2.53.0 (/opt/ros/humble/share/controller_interface/cmake)
[0.419s] -- Found kdl_parser: 2.6.4 (/opt/ros/humble/share/kdl_parser/cmake)
[0.420s] -- Found eigen3_cmake_module: 0.1.1 (/opt/ros/humble/share/eigen3_cmake_module/cmake)
[0.421s] -- Ensuring Eigen3 include directory is part of orocos-kdl CMake target
[0.422s] -- Found urdf: 2.6.1 (/opt/ros/humble/share/urdf/cmake)
[0.427s] -- Found tf2_kdl: 0.25.18 (/opt/ros/humble/share/tf2_kdl/cmake)
[0.467s] -- Found tf2_eigen: 0.25.18 (/opt/ros/humble/share/tf2_eigen/cmake)
[0.585s] -- Configuring done
[0.611s] -- Generating done
[0.616s] -- Build files have been written to: /workspaces/omx_ros2/build/omx_variable_stiffness_controller
[0.626s] Invoked command in '/workspaces/omx_ros2/build/omx_variable_stiffness_controller' returned '0': CMAKE_PREFIX_PATH=${CMAKE_PREFIX_PATH}:/opt/ros/humble /usr/bin/cmake /workspaces/omx_ros2/ws/src/omx_variable_stiffness_controller -DCMAKE_INSTALL_PREFIX=/workspaces/omx_ros2/install/omx_variable_stiffness_controller
[0.627s] Invoking command in '/workspaces/omx_ros2/build/omx_variable_stiffness_controller': CMAKE_PREFIX_PATH=${CMAKE_PREFIX_PATH}:/opt/ros/humble /usr/bin/cmake --build /workspaces/omx_ros2/build/omx_variable_stiffness_controller -- -j32 -l32
[0.669s] [35m[1mConsolidate compiler generated dependencies of target omx_variable_stiffness_controller[0m
[0.683s] [  0%] Built target ament_cmake_python_symlink_omx_variable_stiffness_controller
[0.690s] [100%] Built target omx_variable_stiffness_controller
[0.843s] running egg_info
[0.844s] writing omx_variable_stiffness_controller.egg-info/PKG-INFO
[0.844s] writing dependency_links to omx_variable_stiffness_controller.egg-info/dependency_links.txt
[0.845s] writing top-level names to omx_variable_stiffness_controller.egg-info/top_level.txt
[0.847s] reading manifest file 'omx_variable_stiffness_controller.egg-info/SOURCES.txt'
[0.848s] writing manifest file 'omx_variable_stiffness_controller.egg-info/SOURCES.txt'
[0.869s] [100%] Built target ament_cmake_python_build_omx_variable_stiffness_controller_egg
[0.879s] Invoked command in '/workspaces/omx_ros2/build/omx_variable_stiffness_controller' returned '0': CMAKE_PREFIX_PATH=${CMAKE_PREFIX_PATH}:/opt/ros/humble /usr/bin/cmake --build /workspaces/omx_ros2/build/omx_variable_stiffness_controller -- -j32 -l32
[0.891s] Invoking command in '/workspaces/omx_ros2/build/omx_variable_stiffness_controller': CMAKE_PREFIX_PATH=${CMAKE_PREFIX_PATH}:/opt/ros/humble /usr/bin/cmake --install /workspaces/omx_ros2/build/omx_variable_stiffness_controller
[0.896s] -- Install configuration: ""
[0.897s] -- Execute custom install script
[0.897s] -- Up-to-date symlink: /workspaces/omx_ros2/install/omx_variable_stiffness_controller/share/omx_variable_stiffness_controller//plugin.xml
[0.897s] -- Up-to-date symlink: /workspaces/omx_ros2/install/omx_variable_stiffness_controller/share/omx_variable_stiffness_controller/environment/pythonpath.sh
[0.897s] -- Up-to-date symlink: /workspaces/omx_ros2/install/omx_variable_stiffness_controller/share/omx_variable_stiffness_controller/environment/pythonpath.dsv
[0.897s] -- Up-to-date symlink: /workspaces/omx_ros2/install/omx_variable_stiffness_controller/local/lib/python3.10/dist-packages/omx_variable_stiffness_controller-0.0.1-py3.10.egg-info/PKG-INFO
[0.897s] -- Up-to-date symlink: /workspaces/omx_ros2/install/omx_variable_stiffness_controller/local/lib/python3.10/dist-packages/omx_variable_stiffness_controller-0.0.1-py3.10.egg-info/SOURCES.txt
[0.897s] -- Up-to-date symlink: /workspaces/omx_ros2/install/omx_variable_stiffness_controller/local/lib/python3.10/dist-packages/omx_variable_stiffness_controller-0.0.1-py3.10.egg-info/dependency_links.txt
[0.897s] -- Up-to-date symlink: /workspaces/omx_ros2/install/omx_variable_stiffness_controller/local/lib/python3.10/dist-packages/omx_variable_stiffness_controller-0.0.1-py3.10.egg-info/top_level.txt
[0.897s] -- Up-to-date symlink: /workspaces/omx_ros2/install/omx_variable_stiffness_controller/local/lib/python3.10/dist-packages/omx_variable_stiffness_controller/__init__.py
[0.897s] -- Up-to-date symlink: /workspaces/omx_ros2/install/omx_variable_stiffness_controller/lib/omx_variable_stiffness_controller/load_stiffness.py
[0.898s] -- Up-to-date symlink: /workspaces/omx_ros2/install/omx_variable_stiffness_controller/lib/omx_variable_stiffness_controller/logger.py
[0.898s] -- Up-to-date symlink: /workspaces/omx_ros2/install/omx_variable_stiffness_controller/lib/libomx_variable_stiffness_controller.so
[0.898s] -- Up-to-date symlink: /workspaces/omx_ros2/install/omx_variable_stiffness_controller/include/omx_variable_stiffness_controller/omx_variable_stiffness_controller.hpp
[0.898s] -- Up-to-date symlink: /workspaces/omx_ros2/install/omx_variable_stiffness_controller/include/omx_variable_stiffness_controller/omx_variable_stiffness_controller_v0.hpp
[0.898s] -- Up-to-date symlink: /workspaces/omx_ros2/install/omx_variable_stiffness_controller/include/omx_variable_stiffness_controller/omx_variable_stiffness_controller_v001.hpp
[0.898s] -- Up-to-date symlink: /workspaces/omx_ros2/install/omx_variable_stiffness_controller/share/omx_variable_stiffness_controller/plugin.xml
[0.898s] -- Up-to-date symlink: /workspaces/omx_ros2/install/omx_variable_stiffness_controller/share/omx_variable_stiffness_controller/config/robot1_stiffness_profile.csv
[0.898s] -- Up-to-date symlink: /workspaces/omx_ros2/install/omx_variable_stiffness_controller/share/omx_variable_stiffness_controller/config/robot1_variable_stiffness.yaml
[0.899s] -- Up-to-date symlink: /workspaces/omx_ros2/install/omx_variable_stiffness_controller/share/omx_variable_stiffness_controller/config/robot2_stiffness_profile.csv
[0.899s] -- Up-to-date symlink: /workspaces/omx_ros2/install/omx_variable_stiffness_controller/share/omx_variable_stiffness_controller/config/robot2_variable_stiffness.yaml
[0.899s] -- Up-to-date symlink: /workspaces/omx_ros2/install/omx_variable_stiffness_controller/share/omx_variable_stiffness_controller/config/stiffness_aniso.csv
[0.899s] -- Up-to-date symlink: /workspaces/omx_ros2/install/omx_variable_stiffness_controller/share/omx_variable_stiffness_controller/config/stiffness_profile.csv
[0.899s] -- Up-to-date symlink: /workspaces/omx_ros2/install/omx_variable_stiffness_controller/share/omx_variable_stiffness_controller/config/variable_stiffness_controller.yaml
[0.899s] -- Up-to-date symlink: /workspaces/omx_ros2/install/omx_variable_stiffness_controller/share/omx_variable_stiffness_controller/launch/dual_gazebo_variable_stiffness.launch.py
[0.899s] -- Up-to-date symlink: /workspaces/omx_ros2/install/omx_variable_stiffness_controller/share/omx_variable_stiffness_controller/launch/dual_hardware_variable_stiffness.launch.py
[0.900s] -- Up-to-date symlink: /workspaces/omx_ros2/install/omx_variable_stiffness_controller/share/omx_variable_stiffness_controller/launch/gazebo_variable_stiffness.launch.py
[0.900s] -- Up-to-date symlink: /workspaces/omx_ros2/install/omx_variable_stiffness_controller/share/omx_variable_stiffness_controller/launch/variable_stiffness_control.launch.py
[0.900s] -- Up-to-date symlink: /workspaces/omx_ros2/install/omx_variable_stiffness_controller/share/ament_index/resource_index/package_run_dependencies/omx_variable_stiffness_controller
[0.900s] -- Up-to-date symlink: /workspaces/omx_ros2/install/omx_variable_stiffness_controller/share/ament_index/resource_index/parent_prefix_path/omx_variable_stiffness_controller
[0.901s] -- Up-to-date symlink: /workspaces/omx_ros2/install/omx_variable_stiffness_controller/share/omx_variable_stiffness_controller/environment/ament_prefix_path.sh
[0.901s] -- Up-to-date symlink: /workspaces/omx_ros2/install/omx_variable_stiffness_controller/share/omx_variable_stiffness_controller/environment/ament_prefix_path.dsv
[0.901s] -- Up-to-date symlink: /workspaces/omx_ros2/install/omx_variable_stiffness_controller/share/omx_variable_stiffness_controller/environment/path.sh
[0.901s] -- Up-to-date symlink: /workspaces/omx_ros2/install/omx_variable_stiffness_controller/share/omx_variable_stiffness_controller/environment/path.dsv
[0.901s] -- Up-to-date symlink: /workspaces/omx_ros2/install/omx_variable_stiffness_controller/share/omx_variable_stiffness_controller/local_setup.bash
[0.901s] -- Up-to-date symlink: /workspaces/omx_ros2/install/omx_variable_stiffness_controller/share/omx_variable_stiffness_controller/local_setup.sh
[0.901s] -- Up-to-date symlink: /workspaces/omx_ros2/install/omx_variable_stiffness_controller/share/omx_variable_stiffness_controller/local_setup.zsh
[0.901s] -- Up-to-date symlink: /workspaces/omx_ros2/install/omx_variable_stiffness_controller/share/omx_variable_stiffness_controller/local_setup.dsv
[0.901s] -- Symlinking: /workspaces/omx_ros2/install/omx_variable_stiffness_controller/share/omx_variable_stiffness_controller/package.dsv
[0.910s] -- Up-to-date symlink: /workspaces/omx_ros2/install/omx_variable_stiffness_controller/share/ament_index/resource_index/packages/omx_variable_stiffness_controller
[0.910s] -- Up-to-date symlink: /workspaces/omx_ros2/install/omx_variable_stiffness_controller/share/ament_index/resource_index/controller_interface__pluginlib__plugin/omx_variable_stiffness_controller
[0.910s] -- Up-to-date symlink: /workspaces/omx_ros2/install/omx_variable_stiffness_controller/share/omx_variable_stiffness_controller/cmake/omx_variable_stiffness_controllerConfig.cmake
[0.910s] -- Up-to-date symlink: /workspaces/omx_ros2/install/omx_variable_stiffness_controller/share/omx_variable_stiffness_controller/cmake/omx_variable_stiffness_controllerConfig-version.cmake
[0.910s] -- Up-to-date symlink: /workspaces/omx_ros2/install/omx_variable_stiffness_controller/share/omx_variable_stiffness_controller/package.xml
[0.938s] Listing '/workspaces/omx_ros2/install/omx_variable_stiffness_controller/local/lib/python3.10/dist-packages/omx_variable_stiffness_controller'...
[0.944s] Invoked command in '/workspaces/omx_ros2/build/omx_variable_stiffness_controller' returned '0': CMAKE_PREFIX_PATH=${CMAKE_PREFIX_PATH}:/opt/ros/humble /usr/bin/cmake --install /workspaces/omx_ros2/build/omx_variable_stiffness_controller
