[0.014s] Invoking command in '/workspaces/omx_ros2/build/omx_variable_stiffness_controller': CMAKE_PREFIX_PATH=/opt/ros/humble /usr/bin/cmake /workspaces/omx_ros2/ws/src/omx_variable_stiffness_controller -DAMENT_CMAKE_SYMLINK_INSTALL=1 -DCMAKE_INSTALL_PREFIX=/workspaces/omx_ros2/install/omx_variable_stiffness_controller
[0.023s] -- Found ament_cmake: 1.3.12 (/opt/ros/humble/share/ament_cmake/cmake)
[0.116s] -- Override CMake install command with custom implementation using symlinks instead of copying resources
[0.121s] -- Found rclcpp: 16.0.17 (/opt/ros/humble/share/rclcpp/cmake)
[0.142s] -- Found rosidl_generator_c: 3.1.8 (/opt/ros/humble/share/rosidl_generator_c/cmake)
[0.144s] -- Found rosidl_adapter: 3.1.8 (/opt/ros/humble/share/rosidl_adapter/cmake)
[0.150s] -- Found rosidl_generator_cpp: 3.1.8 (/opt/ros/humble/share/rosidl_generator_cpp/cmake)
[0.158s] -- Using all available rosidl_typesupport_c: rosidl_typesupport_fastrtps_c;rosidl_typesupport_introspection_c
[0.176s] -- Using all available rosidl_typesupport_cpp: rosidl_typesupport_fastrtps_cpp;rosidl_typesupport_introspection_cpp
[0.238s] -- Found rmw_implementation_cmake: 6.1.2 (/opt/ros/humble/share/rmw_implementation_cmake/cmake)
[0.241s] -- Found rmw_fastrtps_cpp: 6.2.9 (/opt/ros/humble/share/rmw_fastrtps_cpp/cmake)
[0.360s] -- Using RMW implementation 'rmw_fastrtps_cpp' as default
[0.431s] -- Found rclcpp_lifecycle: 16.0.17 (/opt/ros/humble/share/rclcpp_lifecycle/cmake)
[0.450s] -- Found controller_interface: 2.53.0 (/opt/ros/humble/share/controller_interface/cmake)
[0.586s] -- Found kdl_parser: 2.6.4 (/opt/ros/humble/share/kdl_parser/cmake)
[0.594s] -- Found eigen3_cmake_module: 0.1.1 (/opt/ros/humble/share/eigen3_cmake_module/cmake)
[0.596s] -- Ensuring Eigen3 include directory is part of orocos-kdl CMake target
[0.600s] -- Found urdf: 2.6.1 (/opt/ros/humble/share/urdf/cmake)
[0.611s] -- Found tf2_kdl: 0.25.18 (/opt/ros/humble/share/tf2_kdl/cmake)
[0.678s] -- Found tf2_eigen: 0.25.18 (/opt/ros/humble/share/tf2_eigen/cmake)
[0.742s] -- Found ament_cmake_pytest: 1.3.12 (/opt/ros/humble/share/ament_cmake_pytest/cmake)
[0.754s] [31mCMake Error at CMakeLists.txt:86 (find_package):
[0.754s]   By not providing "Findlaunch_testing.cmake" in CMAKE_MODULE_PATH this
[0.755s]   project has asked CMake to find a package configuration file provided by
[0.755s]   "launch_testing", but CMake did not find one.
[0.755s] 
[0.755s]   Could not find a package configuration file provided by "launch_testing"
[0.755s]   with any of the following names:
[0.755s] 
[0.755s]     launch_testingConfig.cmake
[0.755s]     launch_testing-config.cmake
[0.755s] 
[0.755s]   Add the installation prefix of "launch_testing" to CMAKE_PREFIX_PATH or set
[0.755s]   "launch_testing_DIR" to a directory containing one of the above files.  If
[0.755s]   "launch_testing" provides a separate development package or SDK, be sure it
[0.755s]   has been installed.
[0.755s] 
[0.755s] [0m
[0.755s] -- Configuring incomplete, errors occurred!
[0.755s] See also "/workspaces/omx_ros2/build/omx_variable_stiffness_controller/CMakeFiles/CMakeOutput.log".
[0.763s] Invoked command in '/workspaces/omx_ros2/build/omx_variable_stiffness_controller' returned '1': CMAKE_PREFIX_PATH=/opt/ros/humble /usr/bin/cmake /workspaces/omx_ros2/ws/src/omx_variable_stiffness_controller -DAMENT_CMAKE_SYMLINK_INSTALL=1 -DCMAKE_INSTALL_PREFIX=/workspaces/omx_ros2/install/omx_variable_stiffness_controller
