[0.035s] Invoking command in '/workspaces/omx_ros2/build/omx_variable_stiffness_controller': CMAKE_PREFIX_PATH=/opt/ros/humble /usr/bin/cmake --build /workspaces/omx_ros2/build/omx_variable_stiffness_controller -- -j32 -l32
[0.143s] [35m[1mConsolidate compiler generated dependencies of target omx_variable_stiffness_controller[0m
[0.163s] [  0%] Built target ament_cmake_python_symlink_omx_variable_stiffness_controller
[0.192s] [100%] Built target omx_variable_stiffness_controller
[0.430s] running egg_info
[0.432s] writing omx_variable_stiffness_controller.egg-info/PKG-INFO
[0.432s] writing dependency_links to omx_variable_stiffness_controller.egg-info/dependency_links.txt
[0.432s] writing top-level names to omx_variable_stiffness_controller.egg-info/top_level.txt
[0.442s] reading manifest file 'omx_variable_stiffness_controller.egg-info/SOURCES.txt'
[0.443s] writing manifest file 'omx_variable_stiffness_controller.egg-info/SOURCES.txt'
[0.467s] [100%] Built target ament_cmake_python_build_omx_variable_stiffness_controller_egg
[0.479s] Invoked command in '/workspaces/omx_ros2/build/omx_variable_stiffness_controller' returned '0': CMAKE_PREFIX_PATH=/opt/ros/humble /usr/bin/cmake --build /workspaces/omx_ros2/build/omx_variable_stiffness_controller -- -j32 -l32
[0.482s] Invoking command in '/workspaces/omx_ros2/build/omx_variable_stiffness_controller': CMAKE_PREFIX_PATH=/opt/ros/humble /usr/bin/cmake --install /workspaces/omx_ros2/build/omx_variable_stiffness_controller
[0.488s] -- Install configuration: ""
[0.490s] -- Execute custom install script
[0.490s] -- Up-to-date symlink: /workspaces/omx_ros2/install/omx_variable_stiffness_controller/share/omx_variable_stiffness_controller//plugin.xml
[0.490s] -- Up-to-date symlink: /workspaces/omx_ros2/install/omx_variable_stiffness_controller/share/omx_variable_stiffness_controller/environment/pythonpath.sh
[0.491s] -- Up-to-date symlink: /workspaces/omx_ros2/install/omx_variable_stiffness_controller/share/omx_variable_stiffness_controller/environment/pythonpath.dsv
[0.492s] -- Up-to-date symlink: /workspaces/omx_ros2/install/omx_variable_stiffness_controller/local/lib/python3.10/dist-packages/omx_variable_stiffness_controller-0.0.1-py3.10.egg-info/PKG-INFO
[0.492s] -- Up-to-date symlink: /workspaces/omx_ros2/install/omx_variable_stiffness_controller/local/lib/python3.10/dist-packages/omx_variable_stiffness_controller-0.0.1-py3.10.egg-info/SOURCES.txt
[0.492s] -- Up-to-date symlink: /workspaces/omx_ros2/install/omx_variable_stiffness_controller/local/lib/python3.10/dist-packages/omx_variable_stiffness_controller-0.0.1-py3.10.egg-info/dependency_links.txt
[0.492s] -- Up-to-date symlink: /workspaces/omx_ros2/install/omx_variable_stiffness_controller/local/lib/python3.10/dist-packages/omx_variable_stiffness_controller-0.0.1-py3.10.egg-info/top_level.txt
[0.493s] -- Up-to-date symlink: /workspaces/omx_ros2/install/omx_variable_stiffness_controller/local/lib/python3.10/dist-packages/omx_variable_stiffness_controller/__init__.py
[0.494s] -- Up-to-date symlink: /workspaces/omx_ros2/install/omx_variable_stiffness_controller/lib/omx_variable_stiffness_controller/load_stiffness.py
[0.494s] -- Up-to-date symlink: /workspaces/omx_ros2/install/omx_variable_stiffness_controller/lib/omx_variable_stiffness_controller/logger.py
[0.494s] -- Up-to-date symlink: /workspaces/omx_ros2/install/omx_variable_stiffness_controller/lib/libomx_variable_stiffness_controller.so
[0.495s] -- Up-to-date symlink: /workspaces/omx_ros2/install/omx_variable_stiffness_controller/include/omx_variable_stiffness_controller/omx_variable_stiffness_controller.hpp
[0.495s] -- Up-to-date symlink: /workspaces/omx_ros2/install/omx_variable_stiffness_controller/include/omx_variable_stiffness_controller/omx_variable_stiffness_controller_v0.hpp
[0.495s] -- Up-to-date symlink: /workspaces/omx_ros2/install/omx_variable_stiffness_controller/include/omx_variable_stiffness_controller/omx_variable_stiffness_controller_v001.hpp
[0.496s] -- Up-to-date symlink: /workspaces/omx_ros2/install/omx_variable_stiffness_controller/share/omx_variable_stiffness_controller/plugin.xml
[0.496s] -- Up-to-date symlink: /workspaces/omx_ros2/install/omx_variable_stiffness_controller/share/omx_variable_stiffness_controller/config/robot1_stiffness_profile.csv
[0.496s] -- Up-to-date symlink: /workspaces/omx_ros2/install/omx_variable_stiffness_controller/share/omx_variable_stiffness_controller/config/robot1_variable_stiffness.yaml
[0.497s] -- Up-to-date symlink: /workspaces/omx_ros2/install/omx_variable_stiffness_controller/share/omx_variable_stiffness_controller/config/robot2_stiffness_profile.csv
[0.497s] -- Up-to-date symlink: /workspaces/omx_ros2/install/omx_variable_stiffness_controller/share/omx_variable_stiffness_controller/config/robot2_variable_stiffness.yaml
[0.497s] -- Up-to-date symlink: /workspaces/omx_ros2/install/omx_variable_stiffness_controller/share/omx_variable_stiffness_controller/config/stiffness_aniso.csv
[0.498s] -- Up-to-date symlink: /workspaces/omx_ros2/install/omx_variable_stiffness_controller/share/omx_variable_stiffness_controller/config/stiffness_profile.csv
[0.498s] -- Up-to-date symlink: /workspaces/omx_ros2/install/omx_variable_stiffness_controller/share/omx_variable_stiffness_controller/config/variable_stiffness_controller.yaml
[0.498s] -- Up-to-date symlink: /workspaces/omx_ros2/install/omx_variable_stiffness_controller/share/omx_variable_stiffness_controller/launch/dual_gazebo_variable_stiffness.launch.py
[0.498s] -- Up-to-date symlink: /workspaces/omx_ros2/install/omx_variable_stiffness_controller/share/omx_variable_stiffness_controller/launch/dual_hardware_variable_stiffness.launch.py
[0.498s] -- Up-to-date symlink: /workspaces/omx_ros2/install/omx_variable_stiffness_controller/share/omx_variable_stiffness_controller/launch/gazebo_variable_stiffness.launch.py
[0.498s] -- Up-to-date symlink: /workspaces/omx_ros2/install/omx_variable_stiffness_controller/share/omx_variable_stiffness_controller/launch/variable_stiffness_control.launch.py
[0.499s] -- Up-to-date symlink: /workspaces/omx_ros2/install/omx_variable_stiffness_controller/share/ament_index/resource_index/package_run_dependencies/omx_variable_stiffness_controller
[0.499s] -- Up-to-date symlink: /workspaces/omx_ros2/install/omx_variable_stiffness_controller/share/ament_index/resource_index/parent_prefix_path/omx_variable_stiffness_controller
[0.499s] -- Up-to-date symlink: /workspaces/omx_ros2/install/omx_variable_stiffness_controller/share/omx_variable_stiffness_controller/environment/ament_prefix_path.sh
[0.499s] -- Up-to-date symlink: /workspaces/omx_ros2/install/omx_variable_stiffness_controller/share/omx_variable_stiffness_controller/environment/ament_prefix_path.dsv
[0.499s] -- Up-to-date symlink: /workspaces/omx_ros2/install/omx_variable_stiffness_controller/share/omx_variable_stiffness_controller/environment/path.sh
[0.499s] -- Up-to-date symlink: /workspaces/omx_ros2/install/omx_variable_stiffness_controller/share/omx_variable_stiffness_controller/environment/path.dsv
[0.500s] -- Up-to-date symlink: /workspaces/omx_ros2/install/omx_variable_stiffness_controller/share/omx_variable_stiffness_controller/local_setup.bash
[0.500s] -- Up-to-date symlink: /workspaces/omx_ros2/install/omx_variable_stiffness_controller/share/omx_variable_stiffness_controller/local_setup.sh
[0.500s] -- Up-to-date symlink: /workspaces/omx_ros2/install/omx_variable_stiffness_controller/share/omx_variable_stiffness_controller/local_setup.zsh
[0.500s] -- Up-to-date symlink: /workspaces/omx_ros2/install/omx_variable_stiffness_controller/share/omx_variable_stiffness_controller/local_setup.dsv
[0.500s] -- Symlinking: /workspaces/omx_ros2/install/omx_variable_stiffness_controller/share/omx_variable_stiffness_controller/package.dsv
[0.511s] -- Up-to-date symlink: /workspaces/omx_ros2/install/omx_variable_stiffness_controller/share/ament_index/resource_index/packages/omx_variable_stiffness_controller
[0.512s] -- Up-to-date symlink: /workspaces/omx_ros2/install/omx_variable_stiffness_controller/share/ament_index/resource_index/controller_interface__pluginlib__plugin/omx_variable_stiffness_controller
[0.512s] -- Up-to-date symlink: /workspaces/omx_ros2/install/omx_variable_stiffness_controller/share/omx_variable_stiffness_controller/cmake/omx_variable_stiffness_controllerConfig.cmake
[0.512s] -- Up-to-date symlink: /workspaces/omx_ros2/install/omx_variable_stiffness_controller/share/omx_variable_stiffness_controller/cmake/omx_variable_stiffness_controllerConfig-version.cmake
[0.512s] -- Up-to-date symlink: /workspaces/omx_ros2/install/omx_variable_stiffness_controller/share/omx_variable_stiffness_controller/package.xml
[0.562s] Listing '/workspaces/omx_ros2/install/omx_variable_stiffness_controller/local/lib/python3.10/dist-packages/omx_variable_stiffness_controller'...
[0.570s] Invoked command in '/workspaces/omx_ros2/build/omx_variable_stiffness_controller' returned '0': CMAKE_PREFIX_PATH=/opt/ros/humble /usr/bin/cmake --install /workspaces/omx_ros2/build/omx_variable_stiffness_controller
