[0.014s] Invoking command in '/workspaces/omx_ros2/build/open_manipulator_x_description': CMAKE_PREFIX_PATH=/opt/ros/humble /usr/bin/cmake /workspaces/omx_ros2/ws/src/open_manipulator/open_manipulator_x_description -DBUILD_TESTING=OFF -DAMENT_CMAKE_SYMLINK_INSTALL=1 -DCMAKE_INSTALL_PREFIX=/workspaces/omx_ros2/install/open_manipulator_x_description
[0.199s] -- The C compiler identification is GNU 11.4.0
[0.296s] -- The CXX compiler identification is GNU 11.4.0
[0.307s] -- Detecting C compiler ABI info
[0.372s] -- Detecting C compiler ABI info - done
[0.377s] -- Check for working C compiler: /usr/bin/cc - skipped
[0.377s] -- Detecting C compile features
[0.378s] -- Detecting C compile features - done
[0.382s] -- Detecting CXX compiler ABI info
[0.456s] -- Detecting CXX compiler ABI info - done
[0.461s] -- Check for working CXX compiler: /usr/bin/c++ - skipped
[0.461s] -- Detecting CXX compile features
[0.461s] -- Detecting CXX compile features - done
[0.477s] -- Found ament_cmake: 1.3.12 (/opt/ros/humble/share/ament_cmake/cmake)
[0.622s] -- Found Python3: /usr/bin/python3 (found version "3.10.12") found components: Interpreter 
[0.701s] -- Override CMake install command with custom implementation using symlinks instead of copying resources
[0.809s] -- Configuring done
[0.813s] -- Generating done
[0.814s] -- Build files have been written to: /workspaces/omx_ros2/build/open_manipulator_x_description
[0.818s] Invoked command in '/workspaces/omx_ros2/build/open_manipulator_x_description' returned '0': CMAKE_PREFIX_PATH=/opt/ros/humble /usr/bin/cmake /workspaces/omx_ros2/ws/src/open_manipulator/open_manipulator_x_description -DBUILD_TESTING=OFF -DAMENT_CMAKE_SYMLINK_INSTALL=1 -DCMAKE_INSTALL_PREFIX=/workspaces/omx_ros2/install/open_manipulator_x_description
[0.821s] Invoking command in '/workspaces/omx_ros2/build/open_manipulator_x_description': CMAKE_PREFIX_PATH=/opt/ros/humble /usr/bin/cmake --build /workspaces/omx_ros2/build/open_manipulator_x_description -- -j32 -l32
[0.847s] Invoked command in '/workspaces/omx_ros2/build/open_manipulator_x_description' returned '0': CMAKE_PREFIX_PATH=/opt/ros/humble /usr/bin/cmake --build /workspaces/omx_ros2/build/open_manipulator_x_description -- -j32 -l32
[0.855s] Invoking command in '/workspaces/omx_ros2/build/open_manipulator_x_description': CMAKE_PREFIX_PATH=/opt/ros/humble /usr/bin/cmake --install /workspaces/omx_ros2/build/open_manipulator_x_description
[0.859s] -- Install configuration: ""
[0.859s] -- Execute custom install script
[0.862s] -- Symlinking: /workspaces/omx_ros2/install/open_manipulator_x_description/share/open_manipulator_x_description/launch/model.launch.py
[0.868s] -- Symlinking: /workspaces/omx_ros2/install/open_manipulator_x_description/share/open_manipulator_x_description/meshes/Plate.stl
[0.874s] -- Symlinking: /workspaces/omx_ros2/install/open_manipulator_x_description/share/open_manipulator_x_description/meshes/gripper_left_palm.stl
[0.881s] -- Symlinking: /workspaces/omx_ros2/install/open_manipulator_x_description/share/open_manipulator_x_description/meshes/gripper_right_palm.stl
[0.889s] -- Symlinking: /workspaces/omx_ros2/install/open_manipulator_x_description/share/open_manipulator_x_description/meshes/link1.stl
[0.895s] -- Symlinking: /workspaces/omx_ros2/install/open_manipulator_x_description/share/open_manipulator_x_description/meshes/link2.stl
[0.902s] -- Symlinking: /workspaces/omx_ros2/install/open_manipulator_x_description/share/open_manipulator_x_description/meshes/link3.stl
[0.909s] -- Symlinking: /workspaces/omx_ros2/install/open_manipulator_x_description/share/open_manipulator_x_description/meshes/link4.stl
[0.915s] -- Symlinking: /workspaces/omx_ros2/install/open_manipulator_x_description/share/open_manipulator_x_description/meshes/link5.stl
[0.923s] -- Symlinking: /workspaces/omx_ros2/install/open_manipulator_x_description/share/open_manipulator_x_description/rviz/open_manipulator_x.rviz
[0.931s] -- Symlinking: /workspaces/omx_ros2/install/open_manipulator_x_description/share/open_manipulator_x_description/urdf/materials.xacro
[0.937s] -- Symlinking: /workspaces/omx_ros2/install/open_manipulator_x_description/share/open_manipulator_x_description/urdf/open_manipulator_x.urdf.xacro
[0.944s] -- Symlinking: /workspaces/omx_ros2/install/open_manipulator_x_description/share/open_manipulator_x_description/urdf/open_manipulator_x_robot.urdf.xacro
[0.951s] -- Symlinking: /workspaces/omx_ros2/install/open_manipulator_x_description/share/open_manipulator_x_description/gazebo/materials.xacro
[0.958s] -- Symlinking: /workspaces/omx_ros2/install/open_manipulator_x_description/share/open_manipulator_x_description/gazebo/open_manipulator_x.gazebo.xacro
[0.964s] -- Symlinking: /workspaces/omx_ros2/install/open_manipulator_x_description/share/open_manipulator_x_description/ros2_control/open_manipulator_x_system.ros2_control.xacro
[0.970s] -- Symlinking: /workspaces/omx_ros2/install/open_manipulator_x_description/share/ament_index/resource_index/package_run_dependencies/open_manipulator_x_description
[0.976s] -- Symlinking: /workspaces/omx_ros2/install/open_manipulator_x_description/share/ament_index/resource_index/parent_prefix_path/open_manipulator_x_description
[0.982s] -- Symlinking: /workspaces/omx_ros2/install/open_manipulator_x_description/share/open_manipulator_x_description/environment/ament_prefix_path.sh
[0.988s] -- Symlinking: /workspaces/omx_ros2/install/open_manipulator_x_description/share/open_manipulator_x_description/environment/ament_prefix_path.dsv
[0.994s] -- Symlinking: /workspaces/omx_ros2/install/open_manipulator_x_description/share/open_manipulator_x_description/environment/path.sh
[1.000s] -- Symlinking: /workspaces/omx_ros2/install/open_manipulator_x_description/share/open_manipulator_x_description/environment/path.dsv
[1.007s] -- Symlinking: /workspaces/omx_ros2/install/open_manipulator_x_description/share/open_manipulator_x_description/local_setup.bash
[1.013s] -- Symlinking: /workspaces/omx_ros2/install/open_manipulator_x_description/share/open_manipulator_x_description/local_setup.sh
[1.019s] -- Symlinking: /workspaces/omx_ros2/install/open_manipulator_x_description/share/open_manipulator_x_description/local_setup.zsh
[1.025s] -- Symlinking: /workspaces/omx_ros2/install/open_manipulator_x_description/share/open_manipulator_x_description/local_setup.dsv
[1.032s] -- Symlinking: /workspaces/omx_ros2/install/open_manipulator_x_description/share/open_manipulator_x_description/package.dsv
[1.037s] -- Symlinking: /workspaces/omx_ros2/install/open_manipulator_x_description/share/ament_index/resource_index/packages/open_manipulator_x_description
[1.043s] -- Symlinking: /workspaces/omx_ros2/install/open_manipulator_x_description/share/open_manipulator_x_description/cmake/open_manipulator_x_descriptionConfig.cmake
[1.048s] -- Symlinking: /workspaces/omx_ros2/install/open_manipulator_x_description/share/open_manipulator_x_description/cmake/open_manipulator_x_descriptionConfig-version.cmake
[1.053s] -- Symlinking: /workspaces/omx_ros2/install/open_manipulator_x_description/share/open_manipulator_x_description/package.xml
[1.061s] Invoked command in '/workspaces/omx_ros2/build/open_manipulator_x_description' returned '0': CMAKE_PREFIX_PATH=/opt/ros/humble /usr/bin/cmake --install /workspaces/omx_ros2/build/open_manipulator_x_description
