[0.020s] Invoking command in '/workspaces/omx_ros2/build/open_manipulator_x_bringup': AMENT_PREFIX_PATH=/workspaces/omx_ros2/install/open_manipulator_x_description:${AMENT_PREFIX_PATH} CMAKE_PREFIX_PATH=/workspaces/omx_ros2/install/open_manipulator_x_description:/opt/ros/humble /usr/bin/cmake /workspaces/omx_ros2/ws/src/open_manipulator/open_manipulator_x_bringup -DBUILD_TESTING=OFF -DAMENT_CMAKE_SYMLINK_INSTALL=1 -DCMAKE_INSTALL_PREFIX=/workspaces/omx_ros2/install/open_manipulator_x_bringup
[0.124s] -- The C compiler identification is GNU 11.4.0
[0.200s] -- The CXX compiler identification is GNU 11.4.0
[0.208s] -- Detecting C compiler ABI info
[0.288s] -- Detecting C compiler ABI info - done
[0.294s] -- Check for working C compiler: /usr/bin/cc - skipped
[0.294s] -- Detecting C compile features
[0.295s] -- Detecting C compile features - done
[0.298s] -- Detecting CXX compiler ABI info
[0.368s] -- Detecting CXX compiler ABI info - done
[0.373s] -- Check for working CXX compiler: /usr/bin/c++ - skipped
[0.373s] -- Detecting CXX compile features
[0.374s] -- Detecting CXX compile features - done
[0.379s] -- Found ament_cmake: 1.3.12 (/opt/ros/humble/share/ament_cmake/cmake)
[0.518s] -- Found Python3: /usr/bin/python3 (found version "3.10.12") found components: Interpreter 
[0.573s] -- Override CMake install command with custom implementation using symlinks instead of copying resources
[0.654s] -- Configuring done
[0.663s] -- Generating done
[0.668s] -- Build files have been written to: /workspaces/omx_ros2/build/open_manipulator_x_bringup
[0.672s] Invoked command in '/workspaces/omx_ros2/build/open_manipulator_x_bringup' returned '0': AMENT_PREFIX_PATH=/workspaces/omx_ros2/install/open_manipulator_x_description:${AMENT_PREFIX_PATH} CMAKE_PREFIX_PATH=/workspaces/omx_ros2/install/open_manipulator_x_description:/opt/ros/humble /usr/bin/cmake /workspaces/omx_ros2/ws/src/open_manipulator/open_manipulator_x_bringup -DBUILD_TESTING=OFF -DAMENT_CMAKE_SYMLINK_INSTALL=1 -DCMAKE_INSTALL_PREFIX=/workspaces/omx_ros2/install/open_manipulator_x_bringup
[0.674s] Invoking command in '/workspaces/omx_ros2/build/open_manipulator_x_bringup': AMENT_PREFIX_PATH=/workspaces/omx_ros2/install/open_manipulator_x_description:${AMENT_PREFIX_PATH} CMAKE_PREFIX_PATH=/workspaces/omx_ros2/install/open_manipulator_x_description:/opt/ros/humble /usr/bin/cmake --build /workspaces/omx_ros2/build/open_manipulator_x_bringup -- -j32 -l32
[0.707s] Invoked command in '/workspaces/omx_ros2/build/open_manipulator_x_bringup' returned '0': AMENT_PREFIX_PATH=/workspaces/omx_ros2/install/open_manipulator_x_description:${AMENT_PREFIX_PATH} CMAKE_PREFIX_PATH=/workspaces/omx_ros2/install/open_manipulator_x_description:/opt/ros/humble /usr/bin/cmake --build /workspaces/omx_ros2/build/open_manipulator_x_bringup -- -j32 -l32
[0.716s] Invoking command in '/workspaces/omx_ros2/build/open_manipulator_x_bringup': AMENT_PREFIX_PATH=/workspaces/omx_ros2/install/open_manipulator_x_description:${AMENT_PREFIX_PATH} CMAKE_PREFIX_PATH=/workspaces/omx_ros2/install/open_manipulator_x_description:/opt/ros/humble /usr/bin/cmake --install /workspaces/omx_ros2/build/open_manipulator_x_bringup
[0.721s] -- Install configuration: ""
[0.722s] -- Execute custom install script
[0.724s] -- Symlinking: /workspaces/omx_ros2/install/open_manipulator_x_bringup/share/open_manipulator_x_bringup/launch/base.launch.py
[0.731s] -- Symlinking: /workspaces/omx_ros2/install/open_manipulator_x_bringup/share/open_manipulator_x_bringup/launch/fake.launch.py
[0.738s] -- Symlinking: /workspaces/omx_ros2/install/open_manipulator_x_bringup/share/open_manipulator_x_bringup/launch/gazebo.launch.py
[0.746s] -- Symlinking: /workspaces/omx_ros2/install/open_manipulator_x_bringup/share/open_manipulator_x_bringup/launch/gazebo_ros2_control_rviz.launch.py
[0.752s] -- Symlinking: /workspaces/omx_ros2/install/open_manipulator_x_bringup/share/open_manipulator_x_bringup/launch/gazebo_rviz.launch.py
[0.760s] -- Symlinking: /workspaces/omx_ros2/install/open_manipulator_x_bringup/share/open_manipulator_x_bringup/launch/hardware.launch.py
[0.768s] -- Symlinking: /workspaces/omx_ros2/install/open_manipulator_x_bringup/share/open_manipulator_x_bringup/config/gazebo_controller_manager.yaml
[0.776s] -- Symlinking: /workspaces/omx_ros2/install/open_manipulator_x_bringup/share/open_manipulator_x_bringup/config/hardware_controller_manager.yaml
[0.786s] -- Symlinking: /workspaces/omx_ros2/install/open_manipulator_x_bringup/share/open_manipulator_x_bringup/rviz/open_manipulator_x.rviz
[0.795s] -- Symlinking: /workspaces/omx_ros2/install/open_manipulator_x_bringup/share/open_manipulator_x_bringup/worlds/.gitkeep
[0.806s] -- Symlinking: /workspaces/omx_ros2/install/open_manipulator_x_bringup/share/open_manipulator_x_bringup/99-open-manipulator-cdc.rules
[0.815s] -- Symlinking: /workspaces/omx_ros2/install/open_manipulator_x_bringup/lib/open_manipulator_x_bringup/create_udev_rules
[0.827s] -- Symlinking: /workspaces/omx_ros2/install/open_manipulator_x_bringup/share/ament_index/resource_index/package_run_dependencies/open_manipulator_x_bringup
[0.837s] -- Symlinking: /workspaces/omx_ros2/install/open_manipulator_x_bringup/share/ament_index/resource_index/parent_prefix_path/open_manipulator_x_bringup
[0.847s] -- Symlinking: /workspaces/omx_ros2/install/open_manipulator_x_bringup/share/open_manipulator_x_bringup/environment/ament_prefix_path.sh
[0.857s] -- Symlinking: /workspaces/omx_ros2/install/open_manipulator_x_bringup/share/open_manipulator_x_bringup/environment/ament_prefix_path.dsv
[0.867s] -- Symlinking: /workspaces/omx_ros2/install/open_manipulator_x_bringup/share/open_manipulator_x_bringup/environment/path.sh
[0.876s] -- Symlinking: /workspaces/omx_ros2/install/open_manipulator_x_bringup/share/open_manipulator_x_bringup/environment/path.dsv
[0.886s] -- Symlinking: /workspaces/omx_ros2/install/open_manipulator_x_bringup/share/open_manipulator_x_bringup/local_setup.bash
[0.895s] -- Symlinking: /workspaces/omx_ros2/install/open_manipulator_x_bringup/share/open_manipulator_x_bringup/local_setup.sh
[0.904s] -- Symlinking: /workspaces/omx_ros2/install/open_manipulator_x_bringup/share/open_manipulator_x_bringup/local_setup.zsh
[0.913s] -- Symlinking: /workspaces/omx_ros2/install/open_manipulator_x_bringup/share/open_manipulator_x_bringup/local_setup.dsv
[0.924s] -- Symlinking: /workspaces/omx_ros2/install/open_manipulator_x_bringup/share/open_manipulator_x_bringup/package.dsv
[0.932s] -- Symlinking: /workspaces/omx_ros2/install/open_manipulator_x_bringup/share/ament_index/resource_index/packages/open_manipulator_x_bringup
[0.941s] -- Symlinking: /workspaces/omx_ros2/install/open_manipulator_x_bringup/share/open_manipulator_x_bringup/cmake/open_manipulator_x_bringupConfig.cmake
[0.948s] -- Symlinking: /workspaces/omx_ros2/install/open_manipulator_x_bringup/share/open_manipulator_x_bringup/cmake/open_manipulator_x_bringupConfig-version.cmake
[0.956s] -- Symlinking: /workspaces/omx_ros2/install/open_manipulator_x_bringup/share/open_manipulator_x_bringup/package.xml
[0.967s] Invoked command in '/workspaces/omx_ros2/build/open_manipulator_x_bringup' returned '0': AMENT_PREFIX_PATH=/workspaces/omx_ros2/install/open_manipulator_x_description:${AMENT_PREFIX_PATH} CMAKE_PREFIX_PATH=/workspaces/omx_ros2/install/open_manipulator_x_description:/opt/ros/humble /usr/bin/cmake --install /workspaces/omx_ros2/build/open_manipulator_x_bringup
