[0.017s] Invoking command in '/workspaces/omx_ros2/build/omx_variable_stiffness_controller': /usr/bin/cmake /workspaces/omx_ros2/ws/src/omx_variable_stiffness_controller -DAMENT_CMAKE_SYMLINK_INSTALL=1 -DCMAKE_INSTALL_PREFIX=/workspaces/omx_ros2/install/omx_variable_stiffness_controller
[0.096s] -- Found ament_cmake: 1.3.12 (/opt/ros/humble/share/ament_cmake/cmake)
[0.216s] -- Override CMake install command with custom implementation using symlinks instead of copying resources
[0.242s] -- Found rclcpp: 16.0.17 (/opt/ros/humble/share/rclcpp/cmake)
[0.330s] -- Found rosidl_generator_c: 3.1.8 (/opt/ros/humble/share/rosidl_generator_c/cmake)
[0.334s] -- Found rosidl_adapter: 3.1.8 (/opt/ros/humble/share/rosidl_adapter/cmake)
[0.342s] -- Found rosidl_generator_cpp: 3.1.8 (/opt/ros/humble/share/rosidl_generator_cpp/cmake)
[0.353s] [31mCMake Error at /opt/ros/humble/share/rosidl_typesupport_c/cmake/get_used_typesupports.cmake:35 (message):
[0.353s]   No 'rosidl_typesupport_c' found
[0.353s] Call Stack (most recent call first):
[0.353s]   /opt/ros/humble/share/rosidl_typesupport_c/cmake/rosidl_typesupport_c-extras.cmake:8 (get_used_typesupports)
[0.353s]   /opt/ros/humble/share/rosidl_typesupport_c/cmake/rosidl_typesupport_cConfig.cmake:41 (include)
[0.353s]   /opt/ros/humble/share/builtin_interfaces/cmake/ament_cmake_export_dependencies-extras.cmake:21 (find_package)
[0.353s]   /opt/ros/humble/share/builtin_interfaces/cmake/builtin_interfacesConfig.cmake:41 (include)
[0.353s]   /opt/ros/humble/share/libstatistics_collector/cmake/ament_cmake_export_dependencies-extras.cmake:21 (find_package)
[0.354s]   /opt/ros/humble/share/libstatistics_collector/cmake/libstatistics_collectorConfig.cmake:41 (include)
[0.354s]   /opt/ros/humble/share/rclcpp/cmake/ament_cmake_export_dependencies-extras.cmake:21 (find_package)
[0.354s]   /opt/ros/humble/share/rclcpp/cmake/rclcppConfig.cmake:41 (include)
[0.354s]   CMakeLists.txt:10 (find_package)
[0.354s] 
[0.354s] [0m
[0.354s] -- Configuring incomplete, errors occurred!
[0.354s] See also "/workspaces/omx_ros2/build/omx_variable_stiffness_controller/CMakeFiles/CMakeOutput.log".
[0.360s] Invoked command in '/workspaces/omx_ros2/build/omx_variable_stiffness_controller' returned '1': /usr/bin/cmake /workspaces/omx_ros2/ws/src/omx_variable_stiffness_controller -DAMENT_CMAKE_SYMLINK_INSTALL=1 -DCMAKE_INSTALL_PREFIX=/workspaces/omx_ros2/install/omx_variable_stiffness_controller
