[0.013s] Invoking command in '/workspaces/omx_ros2/build/dynamixel_hardware_interface': AMENT_PREFIX_PATH=/workspaces/omx_ros2/install/dynamixel_sdk:${AMENT_PREFIX_PATH} CMAKE_PREFIX_PATH=/workspaces/omx_ros2/install/dynamixel_sdk:/workspaces/omx_ros2/install/open_manipulator_x_bringup:/workspaces/omx_ros2/install/open_manipulator_x_description:/workspaces/omx_ros2/install/omx_variable_stiffness_controller:/workspaces/omx_ros2/ws/install/open_manipulator_x_moveit_config:/workspaces/omx_ros2/ws/install/open_manipulator_x_bringup:/workspaces/omx_ros2/ws/install/open_manipulator_x_description:/workspaces/omx_ros2/ws/install/omx_gravity_comp_controller:/workspaces/omx_ros2/ws/install/omx_dual_bringup:/workspaces/omx_ros2/ws/install/dynamixel_sdk:/workspaces/omx_ros2/ws/install/dynamixel_hardware_interface:/opt/ros/humble LD_LIBRARY_PATH=/workspaces/omx_ros2/install/dynamixel_sdk/lib:${LD_LIBRARY_PATH} PYTHONPATH=/workspaces/omx_ros2/install/dynamixel_sdk/local/lib/python3.10/dist-packages:${PYTHONPATH} /usr/bin/cmake /workspaces/omx_ros2/ws/src/dynamixel_hardware_interface -DCMAKE_INSTALL_PREFIX=/workspaces/omx_ros2/install/dynamixel_hardware_interface
[0.062s] -- The C compiler identification is GNU 11.4.0
[0.108s] -- The CXX compiler identification is GNU 11.4.0
[0.115s] -- Detecting C compiler ABI info
[0.179s] -- Detecting C compiler ABI info - done
[0.184s] -- Check for working C compiler: /usr/bin/cc - skipped
[0.184s] -- Detecting C compile features
[0.184s] -- Detecting C compile features - done
[0.186s] -- Detecting CXX compiler ABI info
[0.251s] -- Detecting CXX compiler ABI info - done
[0.256s] -- Check for working CXX compiler: /usr/bin/c++ - skipped
[0.256s] -- Detecting CXX compile features
[0.257s] -- Detecting CXX compile features - done
[0.259s] -- Found ament_cmake: 1.3.12 (/opt/ros/humble/share/ament_cmake/cmake)
[0.377s] -- Found Python3: /usr/bin/python3 (found version "3.10.12") found components: Interpreter 
[0.461s] [31mCMake Error at CMakeLists.txt:19 (find_package):
[0.462s]   By not providing "Findhardware_interface.cmake" in CMAKE_MODULE_PATH this
[0.462s]   project has asked CMake to find a package configuration file provided by
[0.462s]   "hardware_interface", but CMake did not find one.
[0.462s] 
[0.462s]   Could not find a package configuration file provided by
[0.462s]   "hardware_interface" with any of the following names:
[0.462s] 
[0.462s]     hardware_interfaceConfig.cmake
[0.462s]     hardware_interface-config.cmake
[0.462s] 
[0.462s]   Add the installation prefix of "hardware_interface" to CMAKE_PREFIX_PATH or
[0.462s]   set "hardware_interface_DIR" to a directory containing one of the above
[0.462s]   files.  If "hardware_interface" provides a separate development package or
[0.462s]   SDK, be sure it has been installed.
[0.462s] 
[0.462s] [0m
[0.462s] -- Configuring incomplete, errors occurred!
[0.463s] See also "/workspaces/omx_ros2/build/dynamixel_hardware_interface/CMakeFiles/CMakeOutput.log".
[0.465s] Invoked command in '/workspaces/omx_ros2/build/dynamixel_hardware_interface' returned '1': AMENT_PREFIX_PATH=/workspaces/omx_ros2/install/dynamixel_sdk:${AMENT_PREFIX_PATH} CMAKE_PREFIX_PATH=/workspaces/omx_ros2/install/dynamixel_sdk:/workspaces/omx_ros2/install/open_manipulator_x_bringup:/workspaces/omx_ros2/install/open_manipulator_x_description:/workspaces/omx_ros2/install/omx_variable_stiffness_controller:/workspaces/omx_ros2/ws/install/open_manipulator_x_moveit_config:/workspaces/omx_ros2/ws/install/open_manipulator_x_bringup:/workspaces/omx_ros2/ws/install/open_manipulator_x_description:/workspaces/omx_ros2/ws/install/omx_gravity_comp_controller:/workspaces/omx_ros2/ws/install/omx_dual_bringup:/workspaces/omx_ros2/ws/install/dynamixel_sdk:/workspaces/omx_ros2/ws/install/dynamixel_hardware_interface:/opt/ros/humble LD_LIBRARY_PATH=/workspaces/omx_ros2/install/dynamixel_sdk/lib:${LD_LIBRARY_PATH} PYTHONPATH=/workspaces/omx_ros2/install/dynamixel_sdk/local/lib/python3.10/dist-packages:${PYTHONPATH} /usr/bin/cmake /workspaces/omx_ros2/ws/src/dynamixel_hardware_interface -DCMAKE_INSTALL_PREFIX=/workspaces/omx_ros2/install/dynamixel_hardware_interface
