[  0%] Built target ament_cmake_python_symlink_omx_variable_stiffness_controller
[100%] Built target omx_variable_stiffness_controller
running egg_info
writing omx_variable_stiffness_controller.egg-info/PKG-INFO
writing dependency_links to omx_variable_stiffness_controller.egg-info/dependency_links.txt
writing top-level names to omx_variable_stiffness_controller.egg-info/top_level.txt
reading manifest file 'omx_variable_stiffness_controller.egg-info/SOURCES.txt'
writing manifest file 'omx_variable_stiffness_controller.egg-info/SOURCES.txt'
[100%] Built target ament_cmake_python_build_omx_variable_stiffness_controller_egg
-- Install configuration: ""
-- Execute custom install script
-- Up-to-date symlink: /workspaces/omx_ros2/install/omx_variable_stiffness_controller/share/omx_variable_stiffness_controller//plugin.xml
-- Up-to-date symlink: /workspaces/omx_ros2/install/omx_variable_stiffness_controller/share/omx_variable_stiffness_controller/environment/pythonpath.sh
-- Up-to-date symlink: /workspaces/omx_ros2/install/omx_variable_stiffness_controller/share/omx_variable_stiffness_controller/environment/pythonpath.dsv
-- Up-to-date symlink: /workspaces/omx_ros2/install/omx_variable_stiffness_controller/local/lib/python3.10/dist-packages/omx_variable_stiffness_controller-0.0.1-py3.10.egg-info/PKG-INFO
-- Up-to-date symlink: /workspaces/omx_ros2/install/omx_variable_stiffness_controller/local/lib/python3.10/dist-packages/omx_variable_stiffness_controller-0.0.1-py3.10.egg-info/SOURCES.txt
-- Up-to-date symlink: /workspaces/omx_ros2/install/omx_variable_stiffness_controller/local/lib/python3.10/dist-packages/omx_variable_stiffness_controller-0.0.1-py3.10.egg-info/dependency_links.txt
-- Up-to-date symlink: /workspaces/omx_ros2/install/omx_variable_stiffness_controller/local/lib/python3.10/dist-packages/omx_variable_stiffness_controller-0.0.1-py3.10.egg-info/top_level.txt
-- Up-to-date symlink: /workspaces/omx_ros2/install/omx_variable_stiffness_controller/local/lib/python3.10/dist-packages/omx_variable_stiffness_controller/__init__.py
-- Up-to-date symlink: /workspaces/omx_ros2/install/omx_variable_stiffness_controller/lib/omx_variable_stiffness_controller/load_stiffness.py
-- Up-to-date symlink: /workspaces/omx_ros2/install/omx_variable_stiffness_controller/lib/omx_variable_stiffness_controller/logger.py
-- Up-to-date symlink: /workspaces/omx_ros2/install/omx_variable_stiffness_controller/lib/libomx_variable_stiffness_controller.so
-- Up-to-date symlink: /workspaces/omx_ros2/install/omx_variable_stiffness_controller/include/omx_variable_stiffness_controller/omx_variable_stiffness_controller.hpp
-- Up-to-date symlink: /workspaces/omx_ros2/install/omx_variable_stiffness_controller/include/omx_variable_stiffness_controller/omx_variable_stiffness_controller_v0.hpp
-- Up-to-date symlink: /workspaces/omx_ros2/install/omx_variable_stiffness_controller/include/omx_variable_stiffness_controller/omx_variable_stiffness_controller_v001.hpp
-- Up-to-date symlink: /workspaces/omx_ros2/install/omx_variable_stiffness_controller/share/omx_variable_stiffness_controller/plugin.xml
-- Up-to-date symlink: /workspaces/omx_ros2/install/omx_variable_stiffness_controller/share/omx_variable_stiffness_controller/config/robot1_stiffness_profile.csv
-- Up-to-date symlink: /workspaces/omx_ros2/install/omx_variable_stiffness_controller/share/omx_variable_stiffness_controller/config/robot1_variable_stiffness.yaml
-- Up-to-date symlink: /workspaces/omx_ros2/install/omx_variable_stiffness_controller/share/omx_variable_stiffness_controller/config/robot2_stiffness_profile.csv
-- Up-to-date symlink: /workspaces/omx_ros2/install/omx_variable_stiffness_controller/share/omx_variable_stiffness_controller/config/robot2_variable_stiffness.yaml
-- Up-to-date symlink: /workspaces/omx_ros2/install/omx_variable_stiffness_controller/share/omx_variable_stiffness_controller/config/stiffness_aniso.csv
-- Up-to-date symlink: /workspaces/omx_ros2/install/omx_variable_stiffness_controller/share/omx_variable_stiffness_controller/config/stiffness_profile.csv
-- Up-to-date symlink: /workspaces/omx_ros2/install/omx_variable_stiffness_controller/share/omx_variable_stiffness_controller/config/variable_stiffness_controller.yaml
-- Up-to-date symlink: /workspaces/omx_ros2/install/omx_variable_stiffness_controller/share/omx_variable_stiffness_controller/launch/dual_gazebo_variable_stiffness.launch.py
-- Up-to-date symlink: /workspaces/omx_ros2/install/omx_variable_stiffness_controller/share/omx_variable_stiffness_controller/launch/dual_hardware_variable_stiffness.launch.py
-- Up-to-date symlink: /workspaces/omx_ros2/install/omx_variable_stiffness_controller/share/omx_variable_stiffness_controller/launch/gazebo_variable_stiffness.launch.py
-- Up-to-date symlink: /workspaces/omx_ros2/install/omx_variable_stiffness_controller/share/omx_variable_stiffness_controller/launch/variable_stiffness_control.launch.py
-- Up-to-date symlink: /workspaces/omx_ros2/install/omx_variable_stiffness_controller/share/ament_index/resource_index/package_run_dependencies/omx_variable_stiffness_controller
-- Up-to-date symlink: /workspaces/omx_ros2/install/omx_variable_stiffness_controller/share/ament_index/resource_index/parent_prefix_path/omx_variable_stiffness_controller
-- Up-to-date symlink: /workspaces/omx_ros2/install/omx_variable_stiffness_controller/share/omx_variable_stiffness_controller/environment/ament_prefix_path.sh
-- Up-to-date symlink: /workspaces/omx_ros2/install/omx_variable_stiffness_controller/share/omx_variable_stiffness_controller/environment/ament_prefix_path.dsv
-- Up-to-date symlink: /workspaces/omx_ros2/install/omx_variable_stiffness_controller/share/omx_variable_stiffness_controller/environment/path.sh
-- Up-to-date symlink: /workspaces/omx_ros2/install/omx_variable_stiffness_controller/share/omx_variable_stiffness_controller/environment/path.dsv
-- Up-to-date symlink: /workspaces/omx_ros2/install/omx_variable_stiffness_controller/share/omx_variable_stiffness_controller/local_setup.bash
-- Up-to-date symlink: /workspaces/omx_ros2/install/omx_variable_stiffness_controller/share/omx_variable_stiffness_controller/local_setup.sh
-- Up-to-date symlink: /workspaces/omx_ros2/install/omx_variable_stiffness_controller/share/omx_variable_stiffness_controller/local_setup.zsh
-- Up-to-date symlink: /workspaces/omx_ros2/install/omx_variable_stiffness_controller/share/omx_variable_stiffness_controller/local_setup.dsv
-- Symlinking: /workspaces/omx_ros2/install/omx_variable_stiffness_controller/share/omx_variable_stiffness_controller/package.dsv
-- Up-to-date symlink: /workspaces/omx_ros2/install/omx_variable_stiffness_controller/share/ament_index/resource_index/packages/omx_variable_stiffness_controller
-- Up-to-date symlink: /workspaces/omx_ros2/install/omx_variable_stiffness_controller/share/ament_index/resource_index/controller_interface__pluginlib__plugin/omx_variable_stiffness_controller
-- Up-to-date symlink: /workspaces/omx_ros2/install/omx_variable_stiffness_controller/share/omx_variable_stiffness_controller/cmake/omx_variable_stiffness_controllerConfig.cmake
-- Up-to-date symlink: /workspaces/omx_ros2/install/omx_variable_stiffness_controller/share/omx_variable_stiffness_controller/cmake/omx_variable_stiffness_controllerConfig-version.cmake
-- Up-to-date symlink: /workspaces/omx_ros2/install/omx_variable_stiffness_controller/share/omx_variable_stiffness_controller/package.xml
Listing '/workspaces/omx_ros2/install/omx_variable_stiffness_controller/local/lib/python3.10/dist-packages/omx_variable_stiffness_controller'...
