[0.015s] Invoking command in '/workspaces/omx_ros2/build/omx_variable_stiffness_controller': CMAKE_PREFIX_PATH=/opt/ros/humble /usr/bin/cmake --build /workspaces/omx_ros2/build/omx_variable_stiffness_controller -- -j32 -l32
[0.065s] [  0%] Built target ament_cmake_python_symlink_omx_variable_stiffness_controller
[0.065s] [100%] Built target omx_variable_stiffness_controller
[0.229s] running egg_info
[0.229s] writing omx_variable_stiffness_controller.egg-info/PKG-INFO
[0.230s] writing dependency_links to omx_variable_stiffness_controller.egg-info/dependency_links.txt
[0.231s] writing top-level names to omx_variable_stiffness_controller.egg-info/top_level.txt
[0.234s] reading manifest file 'omx_variable_stiffness_controller.egg-info/SOURCES.txt'
[0.234s] writing manifest file 'omx_variable_stiffness_controller.egg-info/SOURCES.txt'
[0.256s] [100%] Built target ament_cmake_python_build_omx_variable_stiffness_controller_egg
[0.266s] Invoked command in '/workspaces/omx_ros2/build/omx_variable_stiffness_controller' returned '0': CMAKE_PREFIX_PATH=/opt/ros/humble /usr/bin/cmake --build /workspaces/omx_ros2/build/omx_variable_stiffness_controller -- -j32 -l32
[0.267s] Invoking command in '/workspaces/omx_ros2/build/omx_variable_stiffness_controller': CMAKE_PREFIX_PATH=/opt/ros/humble /usr/bin/cmake --install /workspaces/omx_ros2/build/omx_variable_stiffness_controller
[0.272s] -- Install configuration: ""
[0.273s] -- Execute custom install script
[0.273s] -- Up-to-date symlink: /workspaces/omx_ros2/install/omx_variable_stiffness_controller/share/omx_variable_stiffness_controller//plugin.xml
[0.273s] -- Up-to-date symlink: /workspaces/omx_ros2/install/omx_variable_stiffness_controller/share/omx_variable_stiffness_controller/environment/pythonpath.sh
[0.273s] -- Up-to-date symlink: /workspaces/omx_ros2/install/omx_variable_stiffness_controller/share/omx_variable_stiffness_controller/environment/pythonpath.dsv
[0.273s] -- Up-to-date symlink: /workspaces/omx_ros2/install/omx_variable_stiffness_controller/local/lib/python3.10/dist-packages/omx_variable_stiffness_controller-0.0.1-py3.10.egg-info/PKG-INFO
[0.274s] -- Up-to-date symlink: /workspaces/omx_ros2/install/omx_variable_stiffness_controller/local/lib/python3.10/dist-packages/omx_variable_stiffness_controller-0.0.1-py3.10.egg-info/SOURCES.txt
[0.274s] -- Up-to-date symlink: /workspaces/omx_ros2/install/omx_variable_stiffness_controller/local/lib/python3.10/dist-packages/omx_variable_stiffness_controller-0.0.1-py3.10.egg-info/dependency_links.txt
[0.274s] -- Up-to-date symlink: /workspaces/omx_ros2/install/omx_variable_stiffness_controller/local/lib/python3.10/dist-packages/omx_variable_stiffness_controller-0.0.1-py3.10.egg-info/top_level.txt
[0.274s] -- Up-to-date symlink: /workspaces/omx_ros2/install/omx_variable_stiffness_controller/local/lib/python3.10/dist-packages/omx_variable_stiffness_controller/__init__.py
[0.274s] -- Up-to-date symlink: /workspaces/omx_ros2/install/omx_variable_stiffness_controller/lib/omx_variable_stiffness_controller/load_stiffness.py
[0.274s] -- Up-to-date symlink: /workspaces/omx_ros2/install/omx_variable_stiffness_controller/lib/omx_variable_stiffness_controller/logger.py
[0.274s] -- Up-to-date symlink: /workspaces/omx_ros2/install/omx_variable_stiffness_controller/lib/libomx_variable_stiffness_controller.so
[0.274s] -- Up-to-date symlink: /workspaces/omx_ros2/install/omx_variable_stiffness_controller/include/omx_variable_stiffness_controller/omx_variable_stiffness_controller.hpp
[0.275s] -- Up-to-date symlink: /workspaces/omx_ros2/install/omx_variable_stiffness_controller/include/omx_variable_stiffness_controller/omx_variable_stiffness_controller_v0.hpp
[0.275s] -- Up-to-date symlink: /workspaces/omx_ros2/install/omx_variable_stiffness_controller/include/omx_variable_stiffness_controller/omx_variable_stiffness_controller_v001.hpp
[0.275s] -- Up-to-date symlink: /workspaces/omx_ros2/install/omx_variable_stiffness_controller/share/omx_variable_stiffness_controller/plugin.xml
[0.275s] -- Up-to-date symlink: /workspaces/omx_ros2/install/omx_variable_stiffness_controller/share/omx_variable_stiffness_controller/config/robot1_stiffness_profile.csv
[0.275s] -- Up-to-date symlink: /workspaces/omx_ros2/install/omx_variable_stiffness_controller/share/omx_variable_stiffness_controller/config/robot1_variable_stiffness.yaml
[0.275s] -- Up-to-date symlink: /workspaces/omx_ros2/install/omx_variable_stiffness_controller/share/omx_variable_stiffness_controller/config/robot2_stiffness_profile.csv
[0.276s] -- Up-to-date symlink: /workspaces/omx_ros2/install/omx_variable_stiffness_controller/share/omx_variable_stiffness_controller/config/robot2_variable_stiffness.yaml
[0.276s] -- Up-to-date symlink: /workspaces/omx_ros2/install/omx_variable_stiffness_controller/share/omx_variable_stiffness_controller/config/stiffness_aniso.csv
[0.276s] -- Up-to-date symlink: /workspaces/omx_ros2/install/omx_variable_stiffness_controller/share/omx_variable_stiffness_controller/config/stiffness_profile.csv
[0.276s] -- Up-to-date symlink: /workspaces/omx_ros2/install/omx_variable_stiffness_controller/share/omx_variable_stiffness_controller/config/variable_stiffness_controller.yaml
[0.276s] -- Up-to-date symlink: /workspaces/omx_ros2/install/omx_variable_stiffness_controller/share/omx_variable_stiffness_controller/launch/dual_gazebo_variable_stiffness.launch.py
[0.276s] -- Up-to-date symlink: /workspaces/omx_ros2/install/omx_variable_stiffness_controller/share/omx_variable_stiffness_controller/launch/dual_hardware_variable_stiffness.launch.py
[0.276s] -- Up-to-date symlink: /workspaces/omx_ros2/install/omx_variable_stiffness_controller/share/omx_variable_stiffness_controller/launch/gazebo_variable_stiffness.launch.py
[0.276s] -- Up-to-date symlink: /workspaces/omx_ros2/install/omx_variable_stiffness_controller/share/omx_variable_stiffness_controller/launch/variable_stiffness_control.launch.py
[0.276s] -- Up-to-date symlink: /workspaces/omx_ros2/install/omx_variable_stiffness_controller/share/ament_index/resource_index/package_run_dependencies/omx_variable_stiffness_controller
[0.277s] -- Up-to-date symlink: /workspaces/omx_ros2/install/omx_variable_stiffness_controller/share/ament_index/resource_index/parent_prefix_path/omx_variable_stiffness_controller
[0.277s] -- Up-to-date symlink: /workspaces/omx_ros2/install/omx_variable_stiffness_controller/share/omx_variable_stiffness_controller/environment/ament_prefix_path.sh
[0.277s] -- Up-to-date symlink: /workspaces/omx_ros2/install/omx_variable_stiffness_controller/share/omx_variable_stiffness_controller/environment/ament_prefix_path.dsv
[0.277s] -- Up-to-date symlink: /workspaces/omx_ros2/install/omx_variable_stiffness_controller/share/omx_variable_stiffness_controller/environment/path.sh
[0.277s] -- Up-to-date symlink: /workspaces/omx_ros2/install/omx_variable_stiffness_controller/share/omx_variable_stiffness_controller/environment/path.dsv
[0.277s] -- Up-to-date symlink: /workspaces/omx_ros2/install/omx_variable_stiffness_controller/share/omx_variable_stiffness_controller/local_setup.bash
[0.277s] -- Up-to-date symlink: /workspaces/omx_ros2/install/omx_variable_stiffness_controller/share/omx_variable_stiffness_controller/local_setup.sh
[0.278s] -- Up-to-date symlink: /workspaces/omx_ros2/install/omx_variable_stiffness_controller/share/omx_variable_stiffness_controller/local_setup.zsh
[0.278s] -- Up-to-date symlink: /workspaces/omx_ros2/install/omx_variable_stiffness_controller/share/omx_variable_stiffness_controller/local_setup.dsv
[0.278s] -- Symlinking: /workspaces/omx_ros2/install/omx_variable_stiffness_controller/share/omx_variable_stiffness_controller/package.dsv
[0.285s] -- Up-to-date symlink: /workspaces/omx_ros2/install/omx_variable_stiffness_controller/share/ament_index/resource_index/packages/omx_variable_stiffness_controller
[0.285s] -- Up-to-date symlink: /workspaces/omx_ros2/install/omx_variable_stiffness_controller/share/ament_index/resource_index/controller_interface__pluginlib__plugin/omx_variable_stiffness_controller
[0.285s] -- Up-to-date symlink: /workspaces/omx_ros2/install/omx_variable_stiffness_controller/share/omx_variable_stiffness_controller/cmake/omx_variable_stiffness_controllerConfig.cmake
[0.286s] -- Up-to-date symlink: /workspaces/omx_ros2/install/omx_variable_stiffness_controller/share/omx_variable_stiffness_controller/cmake/omx_variable_stiffness_controllerConfig-version.cmake
[0.286s] -- Up-to-date symlink: /workspaces/omx_ros2/install/omx_variable_stiffness_controller/share/omx_variable_stiffness_controller/package.xml
[0.309s] Listing '/workspaces/omx_ros2/install/omx_variable_stiffness_controller/local/lib/python3.10/dist-packages/omx_variable_stiffness_controller'...
[0.315s] Invoked command in '/workspaces/omx_ros2/build/omx_variable_stiffness_controller' returned '0': CMAKE_PREFIX_PATH=/opt/ros/humble /usr/bin/cmake --install /workspaces/omx_ros2/build/omx_variable_stiffness_controller
